{
  "stats": {
    "suites": 1,
    "tests": 3,
    "passes": 3,
    "pending": 0,
    "failures": 0,
    "start": "2024-01-03T00:02:18.012Z",
    "end": "2024-01-03T00:02:25.898Z",
    "duration": 7886,
    "testsRegistered": 3,
    "passPercent": 100,
    "pendingPercent": 0,
    "other": 0,
    "hasOther": false,
    "skipped": 0,
    "hasSkipped": false
  },
  "results": [
    {
      "uuid": "2bb9b121-9612-436e-a606-b3f0c09004ca",
      "title": "",
      "fullFile": "cypress/tests/e2e/create-user.cy.js",
      "file": "cypress/tests/e2e/create-user.cy.js",
      "beforeHooks": [],
      "afterHooks": [],
      "tests": [],
      "suites": [
        {
          "uuid": "bfab5aa5-0eaa-4ead-8975-11a97411256e",
          "title": "Signup",
          "fullFile": "",
          "file": "",
          "beforeHooks": [],
          "afterHooks": [],
          "tests": [
            {
              "title": "Signup done successfully",
              "fullTitle": "Signup Signup done successfully",
              "timedOut": null,
              "duration": 2387,
              "state": "passed",
              "speed": "fast",
              "pass": true,
              "fail": false,
              "pending": false,
              "context": null,
              "code": "cy.fillAndSubmitForm(user);\ncy.contains(successMessage);",
              "err": {},
              "uuid": "f7aeed1c-51bb-41bb-bf15-d19560fd4c0c",
              "parentUUID": "bfab5aa5-0eaa-4ead-8975-11a97411256e",
              "isHook": false,
              "skipped": false
            },
            {
              "title": "Signup with already used email",
              "fullTitle": "Signup Signup with already used email",
              "timedOut": null,
              "duration": 1403,
              "state": "passed",
              "speed": "fast",
              "pass": true,
              "fail": false,
              "pending": false,
              "context": null,
              "code": "cy.fillAndSubmitForm(user);\ncy.contains(usedEmailMessage);",
              "err": {},
              "uuid": "57c491ba-07d3-4fc9-a49a-031380afd685",
              "parentUUID": "bfab5aa5-0eaa-4ead-8975-11a97411256e",
              "isHook": false,
              "skipped": false
            },
            {
              "title": "Signup with empty fields",
              "fullTitle": "Signup Signup with empty fields",
              "timedOut": null,
              "duration": 417,
              "state": "passed",
              "speed": "fast",
              "pass": true,
              "fail": false,
              "pending": false,
              "context": null,
              "code": "cy.get('.btn.btn-primary').click();\ncy.contains(requiredNameMessage);\ncy.contains(requiredEmailMessage);\ncy.contains(requiredPasswordMessage);",
              "err": {},
              "uuid": "3a7d29e9-3af5-42eb-98a4-df0e65bbf982",
              "parentUUID": "bfab5aa5-0eaa-4ead-8975-11a97411256e",
              "isHook": false,
              "skipped": false
            }
          ],
          "suites": [],
          "passes": [
            "f7aeed1c-51bb-41bb-bf15-d19560fd4c0c",
            "57c491ba-07d3-4fc9-a49a-031380afd685",
            "3a7d29e9-3af5-42eb-98a4-df0e65bbf982"
          ],
          "failures": [],
          "pending": [],
          "skipped": [],
          "duration": 4207,
          "root": false,
          "rootEmpty": false,
          "_timeout": 2000
        }
      ],
      "passes": [],
      "failures": [],
      "pending": [],
      "skipped": [],
      "duration": 0,
      "root": true,
      "rootEmpty": true,
      "_timeout": 2000
    }
  ],
  "meta": {
    "mocha": {
      "version": "7.0.1"
    },
    "mochawesome": {
      "options": {
        "quiet": false,
        "reportFilename": "mochawesome",
        "saveHtml": false,
        "saveJson": true,
        "consoleReporter": "spec",
        "useInlineDiffs": false,
        "code": true
      },
      "version": "7.1.3"
    },
    "marge": {
      "options": {
        "id": "default",
        "reportDir": "cypress/reports/mocha",
        "quite": true,
        "overwrite": false,
        "html": false,
        "json": true
      },
      "version": "6.2.0"
    }
  }
}