{
  "stats": {
    "suites": 1,
    "tests": 5,
    "passes": 5,
    "pending": 0,
    "failures": 0,
    "start": "2024-01-10T00:02:08.788Z",
    "end": "2024-01-10T00:02:09.313Z",
    "duration": 525,
    "testsRegistered": 5,
    "passPercent": 100,
    "pendingPercent": 0,
    "other": 0,
    "hasOther": false,
    "skipped": 0,
    "hasSkipped": false
  },
  "results": [
    {
      "uuid": "2c4e6d52-0299-4504-809d-712d7c2afcf8",
      "title": "",
      "fullFile": "cypress/tests/api/user.cy.js",
      "file": "cypress/tests/api/user.cy.js",
      "beforeHooks": [],
      "afterHooks": [],
      "tests": [],
      "suites": [
        {
          "uuid": "0462cfc0-85a3-4917-ae9e-47428abdea66",
          "title": "Users endpoint",
          "fullFile": "",
          "file": "",
          "beforeHooks": [],
          "afterHooks": [],
          "tests": [
            {
              "title": "Get all users",
              "fullTitle": "Users endpoint Get all users",
              "timedOut": null,
              "duration": 204,
              "state": "passed",
              "speed": "fast",
              "pass": true,
              "fail": false,
              "pending": false,
              "context": null,
              "code": "cy.getAllUsers().then(body => {\n  expect(body).to.have.property('quantidade');\n  expect(body).to.have.property('usuarios');\n});",
              "err": {},
              "uuid": "d14e355e-6493-4a00-836d-da119431a0bd",
              "parentUUID": "0462cfc0-85a3-4917-ae9e-47428abdea66",
              "isHook": false,
              "skipped": false
            },
            {
              "title": "Create a user",
              "fullTitle": "Users endpoint Create a user",
              "timedOut": null,
              "duration": 74,
              "state": "passed",
              "speed": "fast",
              "pass": true,
              "fail": false,
              "pending": false,
              "context": null,
              "code": "cy.createUser(payload).then(response => {\n  expect(response.status).to.eq(201);\n  expect(response.body).to.have.property('message', 'Cadastro realizado com sucesso');\n  Cypress.env('userId', response.body._id);\n});",
              "err": {},
              "uuid": "59faf1d0-b656-4b8e-8d1c-e72b8c4c11ff",
              "parentUUID": "0462cfc0-85a3-4917-ae9e-47428abdea66",
              "isHook": false,
              "skipped": false
            },
            {
              "title": "Get user by ID",
              "fullTitle": "Users endpoint Get user by ID",
              "timedOut": null,
              "duration": 72,
              "state": "passed",
              "speed": "fast",
              "pass": true,
              "fail": false,
              "pending": false,
              "context": null,
              "code": "cy.getUserById(Cypress.env('userId')).then(response => {\n  expect(response.status).to.eq(200);\n  expect(response.body).to.have.property('nome');\n  expect(response.body).to.have.property('email');\n  expect(response.body).to.have.property('password');\n  expect(response.body).to.have.property('administrador');\n  expect(response.body).to.have.property('_id');\n});",
              "err": {},
              "uuid": "cb1e2b7a-6ba4-46aa-be76-e87bc2820f4e",
              "parentUUID": "0462cfc0-85a3-4917-ae9e-47428abdea66",
              "isHook": false,
              "skipped": false
            },
            {
              "title": "Update user by ID",
              "fullTitle": "Users endpoint Update user by ID",
              "timedOut": null,
              "duration": 76,
              "state": "passed",
              "speed": "fast",
              "pass": true,
              "fail": false,
              "pending": false,
              "context": null,
              "code": "const updatedEmail = _faker.faker.internet.email();\nconst updatedPayload = _objectSpread(_objectSpread({}, payload), {}, {\n  email: updatedEmail\n});\ncy.updateUserById(Cypress.env('userId'), updatedPayload).then(response => {\n  expect(response.status).to.eq(200);\n  expect(response.body).to.have.property('message', 'Registro alterado com sucesso');\n});",
              "err": {},
              "uuid": "5e59bf2b-c4d0-4dfd-a6d7-3c995cbf6218",
              "parentUUID": "0462cfc0-85a3-4917-ae9e-47428abdea66",
              "isHook": false,
              "skipped": false
            },
            {
              "title": "Delete user by ID",
              "fullTitle": "Users endpoint Delete user by ID",
              "timedOut": null,
              "duration": 72,
              "state": "passed",
              "speed": "fast",
              "pass": true,
              "fail": false,
              "pending": false,
              "context": null,
              "code": "cy.deleteUserById(Cypress.env('userId')).then(response => {\n  expect(response.status).to.eq(200);\n  expect(response.body).to.have.property('message', 'Registro excluído com sucesso');\n});",
              "err": {},
              "uuid": "a1d0bd1c-0132-4c18-9e15-ff83a86aaac6",
              "parentUUID": "0462cfc0-85a3-4917-ae9e-47428abdea66",
              "isHook": false,
              "skipped": false
            }
          ],
          "suites": [],
          "passes": [
            "d14e355e-6493-4a00-836d-da119431a0bd",
            "59faf1d0-b656-4b8e-8d1c-e72b8c4c11ff",
            "cb1e2b7a-6ba4-46aa-be76-e87bc2820f4e",
            "5e59bf2b-c4d0-4dfd-a6d7-3c995cbf6218",
            "a1d0bd1c-0132-4c18-9e15-ff83a86aaac6"
          ],
          "failures": [],
          "pending": [],
          "skipped": [],
          "duration": 498,
          "root": false,
          "rootEmpty": false,
          "_timeout": 2000
        }
      ],
      "passes": [],
      "failures": [],
      "pending": [],
      "skipped": [],
      "duration": 0,
      "root": true,
      "rootEmpty": true,
      "_timeout": 2000
    }
  ],
  "meta": {
    "mocha": {
      "version": "7.0.1"
    },
    "mochawesome": {
      "options": {
        "quiet": false,
        "reportFilename": "mochawesome",
        "saveHtml": false,
        "saveJson": true,
        "consoleReporter": "spec",
        "useInlineDiffs": false,
        "code": true
      },
      "version": "7.1.3"
    },
    "marge": {
      "options": {
        "id": "default",
        "reportDir": "cypress/reports/mocha",
        "quite": true,
        "overwrite": false,
        "html": false,
        "json": true
      },
      "version": "6.2.0"
    }
  }
}