{
  "stats": {
    "suites": 1,
    "tests": 5,
    "passes": 5,
    "pending": 0,
    "failures": 0,
    "start": "2023-11-15T00:02:09.680Z",
    "end": "2023-11-15T00:02:10.434Z",
    "duration": 754,
    "testsRegistered": 5,
    "passPercent": 100,
    "pendingPercent": 0,
    "other": 0,
    "hasOther": false,
    "skipped": 0,
    "hasSkipped": false
  },
  "results": [
    {
      "uuid": "58d382dd-0e49-4e00-aed1-d80e96ad7233",
      "title": "",
      "fullFile": "cypress/tests/api/user.cy.js",
      "file": "cypress/tests/api/user.cy.js",
      "beforeHooks": [],
      "afterHooks": [],
      "tests": [],
      "suites": [
        {
          "uuid": "032057a5-6307-4d76-96d0-a6f3fc6e15db",
          "title": "Users endpoint",
          "fullFile": "",
          "file": "",
          "beforeHooks": [],
          "afterHooks": [],
          "tests": [
            {
              "title": "Get all users",
              "fullTitle": "Users endpoint Get all users",
              "timedOut": null,
              "duration": 280,
              "state": "passed",
              "speed": "fast",
              "pass": true,
              "fail": false,
              "pending": false,
              "context": null,
              "code": "cy.getAllUsers().then(body => {\n  expect(body).to.have.property('quantidade');\n  expect(body).to.have.property('usuarios');\n});",
              "err": {},
              "uuid": "3a1fd767-4335-4697-9301-d81a733461ff",
              "parentUUID": "032057a5-6307-4d76-96d0-a6f3fc6e15db",
              "isHook": false,
              "skipped": false
            },
            {
              "title": "Create a user",
              "fullTitle": "Users endpoint Create a user",
              "timedOut": null,
              "duration": 113,
              "state": "passed",
              "speed": "fast",
              "pass": true,
              "fail": false,
              "pending": false,
              "context": null,
              "code": "cy.createUser(payload).then(response => {\n  expect(response.status).to.eq(201);\n  expect(response.body).to.have.property('message', 'Cadastro realizado com sucesso');\n  Cypress.env('userId', response.body._id);\n});",
              "err": {},
              "uuid": "bb94d488-7bd9-469f-8aaa-04da5b1c24e9",
              "parentUUID": "032057a5-6307-4d76-96d0-a6f3fc6e15db",
              "isHook": false,
              "skipped": false
            },
            {
              "title": "Get user by ID",
              "fullTitle": "Users endpoint Get user by ID",
              "timedOut": null,
              "duration": 118,
              "state": "passed",
              "speed": "fast",
              "pass": true,
              "fail": false,
              "pending": false,
              "context": null,
              "code": "cy.getUserById(Cypress.env('userId')).then(response => {\n  expect(response.status).to.eq(200);\n  expect(response.body).to.have.property('nome');\n  expect(response.body).to.have.property('email');\n  expect(response.body).to.have.property('password');\n  expect(response.body).to.have.property('administrador');\n  expect(response.body).to.have.property('_id');\n});",
              "err": {},
              "uuid": "d2592471-e6f2-4639-a094-95f81cd4dd8e",
              "parentUUID": "032057a5-6307-4d76-96d0-a6f3fc6e15db",
              "isHook": false,
              "skipped": false
            },
            {
              "title": "Update user by ID",
              "fullTitle": "Users endpoint Update user by ID",
              "timedOut": null,
              "duration": 100,
              "state": "passed",
              "speed": "fast",
              "pass": true,
              "fail": false,
              "pending": false,
              "context": null,
              "code": "const updatedEmail = _faker.faker.internet.email();\nconst updatedPayload = _objectSpread(_objectSpread({}, payload), {}, {\n  email: updatedEmail\n});\ncy.updateUserById(Cypress.env('userId'), updatedPayload).then(response => {\n  expect(response.status).to.eq(200);\n  expect(response.body).to.have.property('message', 'Registro alterado com sucesso');\n});",
              "err": {},
              "uuid": "d939d28d-4cf2-4245-8e22-90ce1b8368ff",
              "parentUUID": "032057a5-6307-4d76-96d0-a6f3fc6e15db",
              "isHook": false,
              "skipped": false
            },
            {
              "title": "Delete user by ID",
              "fullTitle": "Users endpoint Delete user by ID",
              "timedOut": null,
              "duration": 115,
              "state": "passed",
              "speed": "fast",
              "pass": true,
              "fail": false,
              "pending": false,
              "context": null,
              "code": "cy.deleteUserById(Cypress.env('userId')).then(response => {\n  expect(response.status).to.eq(200);\n  expect(response.body).to.have.property('message', 'Registro excluído com sucesso');\n});",
              "err": {},
              "uuid": "801f52ee-81e6-4659-a22b-e5cf38f9227e",
              "parentUUID": "032057a5-6307-4d76-96d0-a6f3fc6e15db",
              "isHook": false,
              "skipped": false
            }
          ],
          "suites": [],
          "passes": [
            "3a1fd767-4335-4697-9301-d81a733461ff",
            "bb94d488-7bd9-469f-8aaa-04da5b1c24e9",
            "d2592471-e6f2-4639-a094-95f81cd4dd8e",
            "d939d28d-4cf2-4245-8e22-90ce1b8368ff",
            "801f52ee-81e6-4659-a22b-e5cf38f9227e"
          ],
          "failures": [],
          "pending": [],
          "skipped": [],
          "duration": 726,
          "root": false,
          "rootEmpty": false,
          "_timeout": 2000
        }
      ],
      "passes": [],
      "failures": [],
      "pending": [],
      "skipped": [],
      "duration": 0,
      "root": true,
      "rootEmpty": true,
      "_timeout": 2000
    }
  ],
  "meta": {
    "mocha": {
      "version": "7.0.1"
    },
    "mochawesome": {
      "options": {
        "quiet": false,
        "reportFilename": "mochawesome",
        "saveHtml": false,
        "saveJson": true,
        "consoleReporter": "spec",
        "useInlineDiffs": false,
        "code": true
      },
      "version": "7.1.3"
    },
    "marge": {
      "options": {
        "id": "default",
        "reportDir": "cypress/reports/mocha",
        "quite": true,
        "overwrite": false,
        "html": false,
        "json": true
      },
      "version": "6.2.0"
    }
  }
}