{
  "stats": {
    "suites": 1,
    "tests": 3,
    "passes": 3,
    "pending": 0,
    "failures": 0,
    "start": "2024-03-27T00:02:41.039Z",
    "end": "2024-03-27T00:02:48.681Z",
    "duration": 7642,
    "testsRegistered": 3,
    "passPercent": 100,
    "pendingPercent": 0,
    "other": 0,
    "hasOther": false,
    "skipped": 0,
    "hasSkipped": false
  },
  "results": [
    {
      "uuid": "fb322a25-a9b8-4302-864a-df6bb69dd74f",
      "title": "",
      "fullFile": "cypress/tests/e2e/create-user.cy.js",
      "file": "cypress/tests/e2e/create-user.cy.js",
      "beforeHooks": [],
      "afterHooks": [],
      "tests": [],
      "suites": [
        {
          "uuid": "721fc5aa-8a9b-4e91-aa7e-b8d6aa28954b",
          "title": "Signup",
          "fullFile": "",
          "file": "",
          "beforeHooks": [],
          "afterHooks": [],
          "tests": [
            {
              "title": "Signup done successfully",
              "fullTitle": "Signup Signup done successfully",
              "timedOut": null,
              "duration": 2353,
              "state": "passed",
              "speed": "fast",
              "pass": true,
              "fail": false,
              "pending": false,
              "context": null,
              "code": "cy.fillAndSubmitForm(user);\ncy.contains(successMessage);",
              "err": {},
              "uuid": "1467fa28-3e77-48b4-91e1-9007fdf2ab8a",
              "parentUUID": "721fc5aa-8a9b-4e91-aa7e-b8d6aa28954b",
              "isHook": false,
              "skipped": false
            },
            {
              "title": "Signup with already used email",
              "fullTitle": "Signup Signup with already used email",
              "timedOut": null,
              "duration": 1340,
              "state": "passed",
              "speed": "fast",
              "pass": true,
              "fail": false,
              "pending": false,
              "context": null,
              "code": "cy.fillAndSubmitForm(user);\ncy.contains(usedEmailMessage);",
              "err": {},
              "uuid": "78615de6-1f0e-4de9-979b-7ece1ad7ca35",
              "parentUUID": "721fc5aa-8a9b-4e91-aa7e-b8d6aa28954b",
              "isHook": false,
              "skipped": false
            },
            {
              "title": "Signup with empty fields",
              "fullTitle": "Signup Signup with empty fields",
              "timedOut": null,
              "duration": 370,
              "state": "passed",
              "speed": "fast",
              "pass": true,
              "fail": false,
              "pending": false,
              "context": null,
              "code": "cy.get('.btn.btn-primary').click();\ncy.contains(requiredNameMessage);\ncy.contains(requiredEmailMessage);\ncy.contains(requiredPasswordMessage);",
              "err": {},
              "uuid": "ecc15162-74b2-4b31-b50b-26b9f637271a",
              "parentUUID": "721fc5aa-8a9b-4e91-aa7e-b8d6aa28954b",
              "isHook": false,
              "skipped": false
            }
          ],
          "suites": [],
          "passes": [
            "1467fa28-3e77-48b4-91e1-9007fdf2ab8a",
            "78615de6-1f0e-4de9-979b-7ece1ad7ca35",
            "ecc15162-74b2-4b31-b50b-26b9f637271a"
          ],
          "failures": [],
          "pending": [],
          "skipped": [],
          "duration": 4063,
          "root": false,
          "rootEmpty": false,
          "_timeout": 2000
        }
      ],
      "passes": [],
      "failures": [],
      "pending": [],
      "skipped": [],
      "duration": 0,
      "root": true,
      "rootEmpty": true,
      "_timeout": 2000
    }
  ],
  "meta": {
    "mocha": {
      "version": "7.0.1"
    },
    "mochawesome": {
      "options": {
        "quiet": false,
        "reportFilename": "mochawesome",
        "saveHtml": false,
        "saveJson": true,
        "consoleReporter": "spec",
        "useInlineDiffs": false,
        "code": true
      },
      "version": "7.1.3"
    },
    "marge": {
      "options": {
        "id": "default",
        "reportDir": "cypress/reports/mocha",
        "quite": true,
        "overwrite": false,
        "html": false,
        "json": true
      },
      "version": "6.2.0"
    }
  }
}